{"message":"joi is not defined","stack":"ReferenceError: joi is not defined\n    at validateUser (F:\\atithiServer\\models\\user.js:53:13)\n    at F:\\atithiServer\\routes\\users.js:17:21\n    at F:\\atithiServer\\node_modules\\express-async-errors\\index.js:17:17\n    at Layer.handle [as handle_request] (F:\\atithiServer\\node_modules\\express\\lib\\router\\layer.js:95:5)\n    at next (F:\\atithiServer\\node_modules\\express\\lib\\router\\route.js:137:13)\n    at Route.dispatch (F:\\atithiServer\\node_modules\\express\\lib\\router\\route.js:112:3)\n    at F:\\atithiServer\\node_modules\\express-async-errors\\index.js:17:17\n    at Layer.handle [as handle_request] (F:\\atithiServer\\node_modules\\express\\lib\\router\\layer.js:95:5)\n    at F:\\atithiServer\\node_modules\\express\\lib\\router\\index.js:281:22\n    at Function.process_params (F:\\atithiServer\\node_modules\\express\\lib\\router\\index.js:335:12)\n    at next (F:\\atithiServer\\node_modules\\express\\lib\\router\\index.js:275:10)\n    at Function.handle (F:\\atithiServer\\node_modules\\express\\lib\\router\\index.js:174:3)\n    at router (F:\\atithiServer\\node_modules\\express\\lib\\router\\index.js:47:12)\n    at F:\\atithiServer\\node_modules\\express-async-errors\\index.js:17:17\n    at Layer.handle [as handle_request] (F:\\atithiServer\\node_modules\\express\\lib\\router\\layer.js:95:5)\n    at trim_prefix (F:\\atithiServer\\node_modules\\express\\lib\\router\\index.js:317:13)","level":"error","timestamp":"2020-02-14T05:44:07.665Z"}
{"message":"joi is not defined","stack":"ReferenceError: joi is not defined\n    at validateUser (F:\\atithiServer\\models\\user.js:53:13)\n    at F:\\atithiServer\\routes\\users.js:17:21\n    at F:\\atithiServer\\node_modules\\express-async-errors\\index.js:17:17\n    at Layer.handle [as handle_request] (F:\\atithiServer\\node_modules\\express\\lib\\router\\layer.js:95:5)\n    at next (F:\\atithiServer\\node_modules\\express\\lib\\router\\route.js:137:13)\n    at Route.dispatch (F:\\atithiServer\\node_modules\\express\\lib\\router\\route.js:112:3)\n    at F:\\atithiServer\\node_modules\\express-async-errors\\index.js:17:17\n    at Layer.handle [as handle_request] (F:\\atithiServer\\node_modules\\express\\lib\\router\\layer.js:95:5)\n    at F:\\atithiServer\\node_modules\\express\\lib\\router\\index.js:281:22\n    at Function.process_params (F:\\atithiServer\\node_modules\\express\\lib\\router\\index.js:335:12)\n    at next (F:\\atithiServer\\node_modules\\express\\lib\\router\\index.js:275:10)\n    at Function.handle (F:\\atithiServer\\node_modules\\express\\lib\\router\\index.js:174:3)\n    at router (F:\\atithiServer\\node_modules\\express\\lib\\router\\index.js:47:12)\n    at F:\\atithiServer\\node_modules\\express-async-errors\\index.js:17:17\n    at Layer.handle [as handle_request] (F:\\atithiServer\\node_modules\\express\\lib\\router\\layer.js:95:5)\n    at trim_prefix (F:\\atithiServer\\node_modules\\express\\lib\\router\\index.js:317:13)","level":"error","timestamp":"2020-02-14T05:45:33.171Z"}
{"message":"joi is not defined","stack":"ReferenceError: joi is not defined\n    at validateUser (F:\\atithiServer\\models\\user.js:53:13)\n    at F:\\atithiServer\\routes\\users.js:17:21\n    at F:\\atithiServer\\node_modules\\express-async-errors\\index.js:17:17\n    at Layer.handle [as handle_request] (F:\\atithiServer\\node_modules\\express\\lib\\router\\layer.js:95:5)\n    at next (F:\\atithiServer\\node_modules\\express\\lib\\router\\route.js:137:13)\n    at Route.dispatch (F:\\atithiServer\\node_modules\\express\\lib\\router\\route.js:112:3)\n    at F:\\atithiServer\\node_modules\\express-async-errors\\index.js:17:17\n    at Layer.handle [as handle_request] (F:\\atithiServer\\node_modules\\express\\lib\\router\\layer.js:95:5)\n    at F:\\atithiServer\\node_modules\\express\\lib\\router\\index.js:281:22\n    at Function.process_params (F:\\atithiServer\\node_modules\\express\\lib\\router\\index.js:335:12)\n    at next (F:\\atithiServer\\node_modules\\express\\lib\\router\\index.js:275:10)\n    at Function.handle (F:\\atithiServer\\node_modules\\express\\lib\\router\\index.js:174:3)\n    at router (F:\\atithiServer\\node_modules\\express\\lib\\router\\index.js:47:12)\n    at F:\\atithiServer\\node_modules\\express-async-errors\\index.js:17:17\n    at Layer.handle [as handle_request] (F:\\atithiServer\\node_modules\\express\\lib\\router\\layer.js:95:5)\n    at trim_prefix (F:\\atithiServer\\node_modules\\express\\lib\\router\\index.js:317:13)","level":"error","timestamp":"2020-02-14T05:46:31.990Z"}
{"message":"joi is not defined","stack":"ReferenceError: joi is not defined\n    at validateUser (F:\\atithiServer\\models\\user.js:53:13)\n    at F:\\atithiServer\\routes\\users.js:17:21\n    at F:\\atithiServer\\node_modules\\express-async-errors\\index.js:17:17\n    at Layer.handle [as handle_request] (F:\\atithiServer\\node_modules\\express\\lib\\router\\layer.js:95:5)\n    at next (F:\\atithiServer\\node_modules\\express\\lib\\router\\route.js:137:13)\n    at Route.dispatch (F:\\atithiServer\\node_modules\\express\\lib\\router\\route.js:112:3)\n    at F:\\atithiServer\\node_modules\\express-async-errors\\index.js:17:17\n    at Layer.handle [as handle_request] (F:\\atithiServer\\node_modules\\express\\lib\\router\\layer.js:95:5)\n    at F:\\atithiServer\\node_modules\\express\\lib\\router\\index.js:281:22\n    at Function.process_params (F:\\atithiServer\\node_modules\\express\\lib\\router\\index.js:335:12)\n    at next (F:\\atithiServer\\node_modules\\express\\lib\\router\\index.js:275:10)\n    at Function.handle (F:\\atithiServer\\node_modules\\express\\lib\\router\\index.js:174:3)\n    at router (F:\\atithiServer\\node_modules\\express\\lib\\router\\index.js:47:12)\n    at F:\\atithiServer\\node_modules\\express-async-errors\\index.js:17:17\n    at Layer.handle [as handle_request] (F:\\atithiServer\\node_modules\\express\\lib\\router\\layer.js:95:5)\n    at trim_prefix (F:\\atithiServer\\node_modules\\express\\lib\\router\\index.js:317:13)","level":"error","timestamp":"2020-02-14T05:49:07.881Z"}
{"message":"joi is not defined","stack":"ReferenceError: joi is not defined\n    at validateUser (F:\\atithiServer\\models\\user.js:53:13)\n    at F:\\atithiServer\\routes\\users.js:17:21\n    at F:\\atithiServer\\node_modules\\express-async-errors\\index.js:17:17\n    at Layer.handle [as handle_request] (F:\\atithiServer\\node_modules\\express\\lib\\router\\layer.js:95:5)\n    at next (F:\\atithiServer\\node_modules\\express\\lib\\router\\route.js:137:13)\n    at Route.dispatch (F:\\atithiServer\\node_modules\\express\\lib\\router\\route.js:112:3)\n    at F:\\atithiServer\\node_modules\\express-async-errors\\index.js:17:17\n    at Layer.handle [as handle_request] (F:\\atithiServer\\node_modules\\express\\lib\\router\\layer.js:95:5)\n    at F:\\atithiServer\\node_modules\\express\\lib\\router\\index.js:281:22\n    at Function.process_params (F:\\atithiServer\\node_modules\\express\\lib\\router\\index.js:335:12)\n    at next (F:\\atithiServer\\node_modules\\express\\lib\\router\\index.js:275:10)\n    at Function.handle (F:\\atithiServer\\node_modules\\express\\lib\\router\\index.js:174:3)\n    at router (F:\\atithiServer\\node_modules\\express\\lib\\router\\index.js:47:12)\n    at F:\\atithiServer\\node_modules\\express-async-errors\\index.js:17:17\n    at Layer.handle [as handle_request] (F:\\atithiServer\\node_modules\\express\\lib\\router\\layer.js:95:5)\n    at trim_prefix (F:\\atithiServer\\node_modules\\express\\lib\\router\\index.js:317:13)","level":"error","timestamp":"2020-02-14T05:50:08.079Z"}
{"message":"joi is not defined","stack":"ReferenceError: joi is not defined\n    at validateUser (F:\\atithiServer\\models\\user.js:53:13)\n    at F:\\atithiServer\\routes\\users.js:17:21\n    at F:\\atithiServer\\node_modules\\express-async-errors\\index.js:17:17\n    at Layer.handle [as handle_request] (F:\\atithiServer\\node_modules\\express\\lib\\router\\layer.js:95:5)\n    at next (F:\\atithiServer\\node_modules\\express\\lib\\router\\route.js:137:13)\n    at Route.dispatch (F:\\atithiServer\\node_modules\\express\\lib\\router\\route.js:112:3)\n    at F:\\atithiServer\\node_modules\\express-async-errors\\index.js:17:17\n    at Layer.handle [as handle_request] (F:\\atithiServer\\node_modules\\express\\lib\\router\\layer.js:95:5)\n    at F:\\atithiServer\\node_modules\\express\\lib\\router\\index.js:281:22\n    at Function.process_params (F:\\atithiServer\\node_modules\\express\\lib\\router\\index.js:335:12)\n    at next (F:\\atithiServer\\node_modules\\express\\lib\\router\\index.js:275:10)\n    at Function.handle (F:\\atithiServer\\node_modules\\express\\lib\\router\\index.js:174:3)\n    at router (F:\\atithiServer\\node_modules\\express\\lib\\router\\index.js:47:12)\n    at F:\\atithiServer\\node_modules\\express-async-errors\\index.js:17:17\n    at Layer.handle [as handle_request] (F:\\atithiServer\\node_modules\\express\\lib\\router\\layer.js:95:5)\n    at trim_prefix (F:\\atithiServer\\node_modules\\express\\lib\\router\\index.js:317:13)","level":"error","timestamp":"2020-02-14T05:54:24.757Z"}
{"level":"info","message":"Listening on port 5000...","timestamp":"2020-02-14T05:56:20.982Z"}
{"level":"info","message":"Connected to mongodb://localhost/atithi...","timestamp":"2020-02-14T05:56:23.013Z"}
{"message":"Unexpected token } in JSON at position 86","stack":"SyntaxError: Unexpected token } in JSON at position 86\n    at JSON.parse (<anonymous>)\n    at parse (F:\\atithiServer\\node_modules\\body-parser\\lib\\types\\json.js:89:19)\n    at F:\\atithiServer\\node_modules\\body-parser\\lib\\read.js:121:18\n    at invokeCallback (F:\\atithiServer\\node_modules\\raw-body\\index.js:224:16)\n    at done (F:\\atithiServer\\node_modules\\raw-body\\index.js:213:7)\n    at IncomingMessage.onEnd (F:\\atithiServer\\node_modules\\raw-body\\index.js:273:7)\n    at IncomingMessage.emit (events.js:228:7)\n    at endReadableNT (_stream_readable.js:1185:12)\n    at processTicksAndRejections (internal/process/task_queues.js:81:21)","expose":true,"statusCode":400,"status":400,"body":"{\n\t\"name\":\"Rachita\",\n\t\"email\":\"abcd@gmail.com\",\n\t\"password\":\"12345\",\n\t\"role\":\"Admin\",\n}","type":"entity.parse.failed","level":"error","timestamp":"2020-02-14T05:56:47.035Z"}
{"level":"info","message":"Listening on port 5000...","timestamp":"2020-02-14T06:05:31.568Z"}
{"level":"info","message":"Connected to mongodb://localhost/atithi...","timestamp":"2020-02-14T06:05:33.591Z"}
{"level":"info","message":"Listening on port 5000...","timestamp":"2020-02-14T07:03:52.965Z"}
{"level":"info","message":"Connected to mongodb://localhost/atithi...","timestamp":"2020-02-14T07:03:54.999Z"}
{"message":"Invalid status code: [ [model], [model], [model], [model], [model], [model] ]","stack":"RangeError [ERR_HTTP_INVALID_STATUS_CODE]: Invalid status code: [ [model], [model], [model], [model], [model], [model] ]\n    at ServerResponse.writeHead (_http_server.js:247:11)\n    at ServerResponse._implicitHeader (_http_server.js:238:8)\n    at ServerResponse.end (_http_outgoing.js:720:10)\n    at ServerResponse.send (F:\\atithiServer\\node_modules\\express\\lib\\response.js:221:10)\n    at F:\\atithiServer\\routes\\room.js:11:7","code":"ERR_HTTP_INVALID_STATUS_CODE","level":"error","timestamp":"2020-02-14T07:04:36.066Z"}
{"level":"info","message":"Listening on port 5000...","timestamp":"2020-02-14T07:05:47.298Z"}
{"level":"info","message":"Connected to mongodb://localhost/atithi...","timestamp":"2020-02-14T07:05:49.335Z"}
{"level":"info","message":"Listening on port 5000...","timestamp":"2020-02-14T07:08:19.618Z"}
{"level":"info","message":"Connected to mongodb://localhost/atithi...","timestamp":"2020-02-14T07:08:21.656Z"}
{"level":"info","message":"Listening on port 5000...","timestamp":"2020-02-14T07:20:48.269Z"}
{"level":"info","message":"Connected to mongodb://localhost/atithi...","timestamp":"2020-02-14T07:20:50.306Z"}
{"level":"info","message":"Listening on port 5000...","timestamp":"2020-02-14T11:20:45.689Z"}
{"level":"info","message":"Connected to mongodb://localhost/atithi...","timestamp":"2020-02-14T11:20:47.711Z"}
{"message":"Cannot read property 'generateAuthToken' of null","stack":"TypeError: Cannot read property 'generateAuthToken' of null\n    at F:\\atithiServer\\routes\\users.js:24:22","level":"error","timestamp":"2020-02-14T11:23:17.726Z"}
{"level":"info","message":"Listening on port 5000...","timestamp":"2020-02-14T11:28:38.096Z"}
{"level":"info","message":"Connected to mongodb://localhost/atithi...","timestamp":"2020-02-14T11:28:40.142Z"}
{"level":"info","message":"Listening on port 5000...","timestamp":"2020-02-14T11:28:44.159Z"}
{"level":"info","message":"Connected to mongodb://localhost/atithi...","timestamp":"2020-02-14T11:28:46.182Z"}
{"message":"Cannot read property 'generateAuthToken' of null","stack":"TypeError: Cannot read property 'generateAuthToken' of null\n    at F:\\atithiServer\\routes\\users.js:24:22","level":"error","timestamp":"2020-02-14T11:28:53.511Z"}
{"level":"info","message":"Listening on port 5000...","timestamp":"2020-02-14T11:29:37.191Z"}
{"level":"info","message":"Connected to mongodb://localhost/atithi...","timestamp":"2020-02-14T11:29:39.213Z"}
{"level":"info","message":"Listening on port 5000...","timestamp":"2020-02-14T11:29:40.603Z"}
{"level":"info","message":"Listening on port 5000...","timestamp":"2020-02-14T11:29:42.050Z"}
{"level":"info","message":"Listening on port 5000...","timestamp":"2020-02-14T11:29:44.116Z"}
{"level":"info","message":"Connected to mongodb://localhost/atithi...","timestamp":"2020-02-14T11:29:46.154Z"}
{"level":"info","message":"Listening on port 5000...","timestamp":"2020-02-14T11:29:52.621Z"}
{"level":"info","message":"Connected to mongodb://localhost/atithi...","timestamp":"2020-02-14T11:29:54.644Z"}
{"message":"Cannot read property 'generateAuthToken' of null","stack":"TypeError: Cannot read property 'generateAuthToken' of null\n    at F:\\atithiServer\\routes\\users.js:25:22","level":"error","timestamp":"2020-02-14T11:29:56.060Z"}
{"level":"info","message":"Listening on port 5000...","timestamp":"2020-02-14T11:30:30.101Z"}
{"level":"info","message":"Listening on port 5000...","timestamp":"2020-02-14T11:30:32.634Z"}
{"level":"info","message":"Connected to mongodb://localhost/atithi...","timestamp":"2020-02-14T11:30:34.655Z"}
{"message":"Cannot read property 'generateAuthToken' of null","stack":"TypeError: Cannot read property 'generateAuthToken' of null\n    at F:\\atithiServer\\routes\\users.js:25:22","level":"error","timestamp":"2020-02-14T11:30:35.043Z"}
{"level":"info","message":"Listening on port 5000...","timestamp":"2020-02-14T11:33:27.298Z"}
{"level":"info","message":"Connected to mongodb://localhost/atithi...","timestamp":"2020-02-14T11:33:29.314Z"}
{"level":"info","message":"Listening on port 5000...","timestamp":"2020-02-15T05:15:39.402Z"}
{"level":"info","message":"Connected to mongodb://localhost/atithi...","timestamp":"2020-02-15T05:15:41.421Z"}
{"level":"info","message":"Listening on port 5000...","timestamp":"2020-02-15T05:18:34.847Z"}
{"level":"info","message":"Listening on port 5000...","timestamp":"2020-02-15T05:18:35.962Z"}
{"level":"info","message":"Connected to mongodb://localhost/atithi...","timestamp":"2020-02-15T05:18:37.998Z"}
{"level":"info","message":"Listening on port 5000...","timestamp":"2020-02-15T05:19:18.781Z"}
{"level":"info","message":"Connected to mongodb://localhost/atithi...","timestamp":"2020-02-15T05:19:20.817Z"}
{"level":"info","message":"Listening on port 5000...","timestamp":"2020-02-15T05:19:25.119Z"}
{"level":"info","message":"Connected to mongodb://localhost/atithi...","timestamp":"2020-02-15T05:19:27.155Z"}
{"level":"info","message":"Listening on port 5000...","timestamp":"2020-02-15T05:19:53.036Z"}
{"level":"info","message":"Listening on port 5000...","timestamp":"2020-02-15T05:19:56.058Z"}
{"level":"info","message":"Connected to mongodb://localhost/atithi...","timestamp":"2020-02-15T05:19:58.083Z"}
{"level":"info","message":"Listening on port 5000...","timestamp":"2020-02-15T05:20:00.131Z"}
{"level":"info","message":"Listening on port 5000...","timestamp":"2020-02-15T05:20:00.766Z"}
{"level":"info","message":"Listening on port 5000...","timestamp":"2020-02-15T05:20:02.036Z"}
{"level":"info","message":"Listening on port 5000...","timestamp":"2020-02-15T05:20:03.565Z"}
{"level":"info","message":"Connected to mongodb://localhost/atithi...","timestamp":"2020-02-15T05:20:05.607Z"}
{"level":"info","message":"Listening on port 5000...","timestamp":"2020-02-15T05:20:07.958Z"}
{"level":"info","message":"Listening on port 5000...","timestamp":"2020-02-15T05:20:09.638Z"}
{"level":"info","message":"Listening on port 5000...","timestamp":"2020-02-15T05:20:10.670Z"}
{"level":"info","message":"Connected to mongodb://localhost/atithi...","timestamp":"2020-02-15T05:20:12.692Z"}
{"level":"info","message":"Listening on port 5000...","timestamp":"2020-02-15T05:20:28.756Z"}
{"level":"info","message":"Listening on port 5000...","timestamp":"2020-02-15T05:20:29.539Z"}
{"level":"info","message":"Connected to mongodb://localhost/atithi...","timestamp":"2020-02-15T05:20:31.563Z"}
{"message":"User.findone is not a function","stack":"TypeError: User.findone is not a function\n    at F:\\atithiServer\\routes\\users.js:20:25","level":"error","timestamp":"2020-02-15T05:21:56.434Z"}
{"level":"info","message":"Listening on port 5000...","timestamp":"2020-02-15T05:22:20.250Z"}
{"level":"info","message":"Connected to mongodb://localhost/atithi...","timestamp":"2020-02-15T05:22:22.274Z"}
{"level":"info","message":"Listening on port 5000...","timestamp":"2020-02-15T05:22:30.684Z"}
{"level":"info","message":"Listening on port 5000...","timestamp":"2020-02-15T05:22:31.510Z"}
{"level":"info","message":"Connected to mongodb://localhost/atithi...","timestamp":"2020-02-15T05:22:33.547Z"}
{"level":"info","message":"Listening on port 5000...","timestamp":"2020-02-15T05:22:37.737Z"}
{"level":"info","message":"Listening on port 5000...","timestamp":"2020-02-15T05:22:46.770Z"}
{"level":"info","message":"Connected to mongodb://localhost/atithi...","timestamp":"2020-02-15T05:22:48.809Z"}
{"level":"info","message":"Listening on port 5000...","timestamp":"2020-02-15T05:22:49.641Z"}
{"level":"info","message":"Connected to mongodb://localhost/atithi...","timestamp":"2020-02-15T05:22:51.674Z"}
{"message":"Cannot set property 'password' of null","stack":"TypeError: Cannot set property 'password' of null\n    at F:\\atithiServer\\routes\\users.js:21:17","level":"error","timestamp":"2020-02-15T05:22:53.458Z"}
{"level":"info","message":"Listening on port 5000...","timestamp":"2020-02-15T05:24:13.918Z"}
{"level":"info","message":"Listening on port 5000...","timestamp":"2020-02-15T05:24:16.488Z"}
{"level":"info","message":"Listening on port 5000...","timestamp":"2020-02-15T05:24:18.569Z"}
{"level":"info","message":"Listening on port 5000...","timestamp":"2020-02-15T05:24:19.172Z"}
{"level":"info","message":"Listening on port 5000...","timestamp":"2020-02-15T05:24:20.384Z"}
{"level":"info","message":"Connected to mongodb://localhost/atithi...","timestamp":"2020-02-15T05:24:22.401Z"}
{"message":"Cannot set property 'password' of null","stack":"TypeError: Cannot set property 'password' of null\n    at F:\\atithiServer\\routes\\users.js:21:17","level":"error","timestamp":"2020-02-15T05:24:24.738Z"}
{"level":"info","message":"Listening on port 5000...","timestamp":"2020-02-15T05:25:31.335Z"}
{"level":"info","message":"Listening on port 5000...","timestamp":"2020-02-15T05:25:33.886Z"}
{"level":"info","message":"Listening on port 5000...","timestamp":"2020-02-15T05:25:36.613Z"}
{"level":"info","message":"Connected to mongodb://localhost/atithi...","timestamp":"2020-02-15T05:25:38.649Z"}
{"message":"Cannot set property 'password' of null","stack":"TypeError: Cannot set property 'password' of null\n    at F:\\atithiServer\\routes\\users.js:21:17","level":"error","timestamp":"2020-02-15T05:25:41.715Z"}
{"level":"info","message":"Listening on port 5000...","timestamp":"2020-02-15T05:26:52.559Z"}
{"level":"info","message":"Connected to mongodb://localhost/atithi...","timestamp":"2020-02-15T05:26:54.595Z"}
{"message":"Cannot set property 'password' of null","stack":"TypeError: Cannot set property 'password' of null\n    at F:\\atithiServer\\routes\\users.js:21:17","level":"error","timestamp":"2020-02-15T05:26:56.490Z"}
{"level":"info","message":"Listening on port 5000...","timestamp":"2020-02-15T05:28:15.277Z"}
{"level":"info","message":"Listening on port 5000...","timestamp":"2020-02-15T05:28:16.265Z"}
{"level":"info","message":"Listening on port 5000...","timestamp":"2020-02-15T05:28:18.017Z"}
{"level":"info","message":"Connected to mongodb://localhost/atithi...","timestamp":"2020-02-15T05:28:20.037Z"}
{"level":"info","message":"Listening on port 5000...","timestamp":"2020-02-15T05:28:30.314Z"}
{"level":"info","message":"Connected to mongodb://localhost/atithi...","timestamp":"2020-02-15T05:28:32.345Z"}
{"level":"info","message":"Listening on port 5000...","timestamp":"2020-02-15T05:28:33.587Z"}
{"level":"info","message":"Listening on port 5000...","timestamp":"2020-02-15T05:28:34.862Z"}
{"level":"info","message":"Connected to mongodb://localhost/atithi...","timestamp":"2020-02-15T05:28:36.880Z"}
{"level":"info","message":"Listening on port 5000...","timestamp":"2020-02-15T05:28:42.759Z"}
{"level":"info","message":"Listening on port 5000...","timestamp":"2020-02-15T05:28:44.071Z"}
{"level":"info","message":"Connected to mongodb://localhost/atithi...","timestamp":"2020-02-15T05:28:46.090Z"}
{"level":"info","message":"Listening on port 5000...","timestamp":"2020-02-15T05:28:54.134Z"}
{"level":"info","message":"Connected to mongodb://localhost/atithi...","timestamp":"2020-02-15T05:28:56.158Z"}
{"message":"Cast to ObjectId failed for value \"{ _Id: undefined }\" at path \"_id\" for model \"User\"","stack":"CastError: Cast to ObjectId failed for value \"{ _Id: undefined }\" at path \"_id\" for model \"User\"\n    at new CastError (F:\\atithiServer\\node_modules\\mongoose\\lib\\error\\cast.js:27:11)\n    at ObjectId.cast (F:\\atithiServer\\node_modules\\mongoose\\lib\\schema\\objectid.js:158:13)\n    at ObjectId.SchemaType.applySetters (F:\\atithiServer\\node_modules\\mongoose\\lib\\schematype.js:701:12)\n    at ObjectId.SchemaType._castForQuery (F:\\atithiServer\\node_modules\\mongoose\\lib\\schematype.js:1072:15)\n    at ObjectId.castForQuery (F:\\atithiServer\\node_modules\\mongoose\\lib\\schema\\objectid.js:198:15)\n    at ObjectId.SchemaType.castForQueryWrapper (F:\\atithiServer\\node_modules\\mongoose\\lib\\schematype.js:1041:15)\n    at cast (F:\\atithiServer\\node_modules\\mongoose\\lib\\cast.js:214:34)\n    at model.Query.Query.cast (F:\\atithiServer\\node_modules\\mongoose\\lib\\query.js:3133:12)\n    at model.Query.Query._castConditions (F:\\atithiServer\\node_modules\\mongoose\\lib\\query.js:1269:10)\n    at model.Query.Query._findOne (F:\\atithiServer\\node_modules\\mongoose\\lib\\query.js:1485:8)\n    at F:\\atithiServer\\node_modules\\kareem\\index.js:276:8\n    at F:\\atithiServer\\node_modules\\kareem\\index.js:23:7\n    at processTicksAndRejections (internal/process/task_queues.js:76:11)","name":"CastError","stringValue":"\"{ _Id: undefined }\"","kind":"ObjectId","value":{},"path":"_id","level":"error","timestamp":"2020-02-15T05:28:57.873Z"}
{"level":"info","message":"Listening on port 5000...","timestamp":"2020-02-15T05:31:14.621Z"}
{"level":"info","message":"Connected to mongodb://localhost/atithi...","timestamp":"2020-02-15T05:31:16.658Z"}
{"level":"info","message":"Listening on port 5000...","timestamp":"2020-02-15T05:31:19.882Z"}
{"level":"info","message":"Listening on port 5000...","timestamp":"2020-02-15T05:31:20.837Z"}
{"level":"info","message":"Connected to mongodb://localhost/atithi...","timestamp":"2020-02-15T05:31:22.859Z"}
{"message":"Cannot set property 'password' of null","stack":"TypeError: Cannot set property 'password' of null\n    at F:\\atithiServer\\routes\\users.js:21:17","level":"error","timestamp":"2020-02-15T05:31:37.182Z"}
{"level":"info","message":"Listening on port 5000...","timestamp":"2020-02-15T05:32:06.939Z"}
{"level":"info","message":"Listening on port 5000...","timestamp":"2020-02-15T05:32:08.330Z"}
{"level":"info","message":"Listening on port 5000...","timestamp":"2020-02-15T05:32:10.059Z"}
{"level":"info","message":"Listening on port 5000...","timestamp":"2020-02-15T05:32:10.725Z"}
{"level":"info","message":"Listening on port 5000...","timestamp":"2020-02-15T05:32:11.788Z"}
{"level":"info","message":"Listening on port 5000...","timestamp":"2020-02-15T05:32:12.677Z"}
{"level":"info","message":"Listening on port 5000...","timestamp":"2020-02-15T05:32:13.602Z"}
{"level":"info","message":"Listening on port 5000...","timestamp":"2020-02-15T05:32:19.199Z"}
{"level":"info","message":"Listening on port 5000...","timestamp":"2020-02-15T05:32:20.957Z"}
{"level":"info","message":"Connected to mongodb://localhost/atithi...","timestamp":"2020-02-15T05:32:22.981Z"}
{"message":"Cannot set property 'password' of null","stack":"TypeError: Cannot set property 'password' of null\n    at F:\\atithiServer\\routes\\users.js:21:17","level":"error","timestamp":"2020-02-15T05:32:28.784Z"}
{"level":"info","message":"Listening on port 5000...","timestamp":"2020-02-15T05:34:55.429Z"}
{"level":"info","message":"Connected to mongodb://localhost/atithi...","timestamp":"2020-02-15T05:34:57.450Z"}
{"level":"info","message":"Listening on port 5000...","timestamp":"2020-02-15T05:35:00.582Z"}
{"level":"info","message":"Connected to mongodb://localhost/atithi...","timestamp":"2020-02-15T05:35:02.604Z"}
{"level":"info","message":"Listening on port 5000...","timestamp":"2020-02-15T05:35:03.463Z"}
{"level":"info","message":"Listening on port 5000...","timestamp":"2020-02-15T05:35:05.981Z"}
{"level":"info","message":"Listening on port 5000...","timestamp":"2020-02-15T05:35:06.720Z"}
{"level":"info","message":"Connected to mongodb://localhost/atithi...","timestamp":"2020-02-15T05:35:08.765Z"}
{"level":"info","message":"Listening on port 5000...","timestamp":"2020-02-15T05:35:11.798Z"}
{"level":"info","message":"Listening on port 5000...","timestamp":"2020-02-15T05:35:12.496Z"}
{"level":"info","message":"Connected to mongodb://localhost/atithi...","timestamp":"2020-02-15T05:35:14.518Z"}
{"level":"info","message":"Listening on port 5000...","timestamp":"2020-02-15T05:35:18.794Z"}
{"level":"info","message":"Listening on port 5000...","timestamp":"2020-02-15T05:35:21.449Z"}
{"level":"info","message":"Listening on port 5000...","timestamp":"2020-02-15T05:35:23.232Z"}
{"level":"info","message":"Connected to mongodb://localhost/atithi...","timestamp":"2020-02-15T05:35:25.248Z"}
{"level":"info","message":"Listening on port 5000...","timestamp":"2020-02-15T05:36:39.764Z"}
{"level":"info","message":"Connected to mongodb://localhost/atithi...","timestamp":"2020-02-15T05:36:41.786Z"}
{"message":"Cannot set property 'password' of null","stack":"TypeError: Cannot set property 'password' of null\n    at F:\\atithiServer\\routes\\users.js:20:18","level":"error","timestamp":"2020-02-15T05:36:54.834Z"}
{"level":"info","message":"Listening on port 5000...","timestamp":"2020-02-15T05:46:18.223Z"}
{"level":"info","message":"Listening on port 5000...","timestamp":"2020-02-15T05:46:19.657Z"}
{"level":"info","message":"Connected to mongodb://localhost/atithi...","timestamp":"2020-02-15T05:46:21.673Z"}
{"level":"info","message":"Listening on port 5000...","timestamp":"2020-02-15T05:46:23.328Z"}
{"level":"info","message":"Listening on port 5000...","timestamp":"2020-02-15T05:46:25.604Z"}
{"level":"info","message":"Listening on port 5000...","timestamp":"2020-02-15T05:46:29.479Z"}
{"level":"info","message":"Connected to mongodb://localhost/atithi...","timestamp":"2020-02-15T05:46:31.499Z"}
{"level":"info","message":"Listening on port 5000...","timestamp":"2020-02-15T05:47:41.851Z"}
{"level":"info","message":"Connected to mongodb://localhost/atithi...","timestamp":"2020-02-15T05:47:43.874Z"}
{"level":"info","message":"Listening on port 5000...","timestamp":"2020-02-15T05:47:47.080Z"}
{"level":"info","message":"Connected to mongodb://localhost/atithi...","timestamp":"2020-02-15T05:47:49.118Z"}
{"level":"info","message":"Listening on port 5000...","timestamp":"2020-02-15T05:49:04.770Z"}
{"level":"info","message":"Connected to mongodb://localhost/atithi...","timestamp":"2020-02-15T05:49:06.793Z"}
{"level":"info","message":"Listening on port 5000...","timestamp":"2020-02-15T05:49:08.495Z"}
{"level":"info","message":"Connected to mongodb://localhost/atithi...","timestamp":"2020-02-15T05:49:10.533Z"}
{"level":"info","message":"Listening on port 5000...","timestamp":"2020-02-15T05:49:13.102Z"}
{"level":"info","message":"Connected to mongodb://localhost/atithi...","timestamp":"2020-02-15T05:49:15.124Z"}
{"level":"info","message":"Listening on port 5000...","timestamp":"2020-02-15T05:53:08.656Z"}
{"level":"info","message":"Connected to mongodb://localhost/atithi...","timestamp":"2020-02-15T05:53:10.693Z"}
{"level":"info","message":"Listening on port 5000...","timestamp":"2020-02-15T05:53:12.567Z"}
{"level":"info","message":"Listening on port 5000...","timestamp":"2020-02-15T05:53:14.019Z"}
{"level":"info","message":"Connected to mongodb://localhost/atithi...","timestamp":"2020-02-15T05:53:16.048Z"}
{"level":"info","message":"Listening on port 5000...","timestamp":"2020-02-15T05:53:24.886Z"}
{"level":"info","message":"Listening on port 5000...","timestamp":"2020-02-15T05:53:27.663Z"}
{"level":"info","message":"Listening on port 5000...","timestamp":"2020-02-15T05:53:28.776Z"}
{"level":"info","message":"Connected to mongodb://localhost/atithi...","timestamp":"2020-02-15T05:53:30.797Z"}
{"level":"info","message":"Listening on port 5000...","timestamp":"2020-02-15T05:53:35.443Z"}
{"level":"info","message":"Listening on port 5000...","timestamp":"2020-02-15T05:53:38.029Z"}
{"level":"info","message":"Listening on port 5000...","timestamp":"2020-02-15T05:53:38.983Z"}
{"level":"info","message":"Listening on port 5000...","timestamp":"2020-02-15T05:53:41.256Z"}
{"level":"info","message":"Listening on port 5000...","timestamp":"2020-02-15T05:53:42.394Z"}
{"level":"info","message":"Listening on port 5000...","timestamp":"2020-02-15T05:53:43.731Z"}
{"level":"info","message":"Connected to mongodb://localhost/atithi...","timestamp":"2020-02-15T05:53:45.753Z"}
{"level":"info","message":"Listening on port 5000...","timestamp":"2020-02-15T05:53:48.830Z"}
{"level":"info","message":"Connected to mongodb://localhost/atithi...","timestamp":"2020-02-15T05:53:50.853Z"}
{"level":"info","message":"Listening on port 5000...","timestamp":"2020-02-15T05:53:57.884Z"}
{"level":"info","message":"Listening on port 5000...","timestamp":"2020-02-15T05:53:58.616Z"}
{"level":"info","message":"Connected to mongodb://localhost/atithi...","timestamp":"2020-02-15T05:54:00.638Z"}
{"level":"info","message":"Listening on port 5000...","timestamp":"2020-02-15T05:54:02.283Z"}
{"level":"info","message":"Connected to mongodb://localhost/atithi...","timestamp":"2020-02-15T05:54:04.321Z"}
{"level":"info","message":"Listening on port 5000...","timestamp":"2020-02-15T05:54:05.583Z"}
{"level":"info","message":"Connected to mongodb://localhost/atithi...","timestamp":"2020-02-15T05:54:07.623Z"}
{"level":"info","message":"Listening on port 5000...","timestamp":"2020-02-15T05:54:14.408Z"}
{"level":"info","message":"Connected to mongodb://localhost/atithi...","timestamp":"2020-02-15T05:54:16.423Z"}
{"level":"info","message":"Listening on port 5000...","timestamp":"2020-02-15T05:54:23.061Z"}
{"level":"info","message":"Listening on port 5000...","timestamp":"2020-02-15T05:54:25.254Z"}
{"level":"info","message":"Connected to mongodb://localhost/atithi...","timestamp":"2020-02-15T05:54:27.278Z"}
{"level":"info","message":"Listening on port 5000...","timestamp":"2020-02-15T06:01:11.085Z"}
{"level":"info","message":"Connected to mongodb://localhost/atithi...","timestamp":"2020-02-15T06:01:13.108Z"}
{"level":"info","message":"Listening on port 5000...","timestamp":"2020-02-15T06:07:21.214Z"}
{"level":"info","message":"Connected to mongodb://localhost/atithi...","timestamp":"2020-02-15T06:07:23.253Z"}
{"level":"info","message":"Listening on port 5000...","timestamp":"2020-02-15T06:07:28.459Z"}
{"level":"info","message":"Listening on port 5000...","timestamp":"2020-02-15T06:07:33.589Z"}
{"level":"info","message":"Listening on port 5000...","timestamp":"2020-02-15T06:07:34.376Z"}
{"level":"info","message":"Listening on port 5000...","timestamp":"2020-02-15T06:07:42.524Z"}
{"level":"info","message":"Connected to mongodb://localhost/atithi...","timestamp":"2020-02-15T06:07:44.548Z"}
{"level":"info","message":"Listening on port 5000...","timestamp":"2020-02-15T06:10:41.613Z"}
{"level":"info","message":"Connected to mongodb://localhost/atithi...","timestamp":"2020-02-15T06:10:43.644Z"}
{"level":"info","message":"Listening on port 5000...","timestamp":"2020-02-15T06:15:21.541Z"}
{"level":"info","message":"Connected to mongodb://localhost/atithi...","timestamp":"2020-02-15T06:15:23.576Z"}
{"level":"info","message":"Listening on port 5000...","timestamp":"2020-02-15T06:15:32.727Z"}
{"level":"info","message":"Connected to mongodb://localhost/atithi...","timestamp":"2020-02-15T06:15:34.761Z"}
{"level":"info","message":"Listening on port 5000...","timestamp":"2020-02-15T06:15:41.707Z"}
{"level":"info","message":"Connected to mongodb://localhost/atithi...","timestamp":"2020-02-15T06:15:43.742Z"}
{"level":"info","message":"Listening on port 5000...","timestamp":"2020-02-15T06:15:50.797Z"}
{"level":"info","message":"Connected to mongodb://localhost/atithi...","timestamp":"2020-02-15T06:15:52.819Z"}
{"level":"info","message":"Listening on port 5000...","timestamp":"2020-02-15T06:15:54.981Z"}
{"level":"info","message":"Connected to mongodb://localhost/atithi...","timestamp":"2020-02-15T06:15:57.017Z"}
{"level":"info","message":"Listening on port 5000...","timestamp":"2020-02-15T06:16:08.503Z"}
{"level":"info","message":"Listening on port 5000...","timestamp":"2020-02-15T06:16:10.137Z"}
{"level":"info","message":"Listening on port 5000...","timestamp":"2020-02-15T06:16:11.837Z"}
{"level":"info","message":"Listening on port 5000...","timestamp":"2020-02-15T06:16:13.226Z"}
{"level":"info","message":"Connected to mongodb://localhost/atithi...","timestamp":"2020-02-15T06:16:15.256Z"}
{"level":"info","message":"Listening on port 5000...","timestamp":"2020-02-15T06:16:53.745Z"}
{"level":"info","message":"Listening on port 5000...","timestamp":"2020-02-15T06:16:55.428Z"}
{"level":"info","message":"Connected to mongodb://localhost/atithi...","timestamp":"2020-02-15T06:16:57.450Z"}
{"level":"info","message":"Listening on port 5000...","timestamp":"2020-02-15T06:17:03.933Z"}
{"level":"info","message":"Listening on port 5000...","timestamp":"2020-02-15T06:17:05.601Z"}
{"level":"info","message":"Listening on port 5000...","timestamp":"2020-02-15T06:17:07.952Z"}
{"level":"info","message":"Connected to mongodb://localhost/atithi...","timestamp":"2020-02-15T06:17:09.997Z"}
{"level":"info","message":"Listening on port 5000...","timestamp":"2020-02-15T06:18:14.795Z"}
{"level":"info","message":"Listening on port 5000...","timestamp":"2020-02-15T06:18:17.065Z"}
{"level":"info","message":"Connected to mongodb://localhost/atithi...","timestamp":"2020-02-15T06:18:19.104Z"}
{"level":"info","message":"Listening on port 5000...","timestamp":"2020-02-15T06:18:32.400Z"}
{"level":"info","message":"Listening on port 5000...","timestamp":"2020-02-15T06:18:33.270Z"}
{"level":"info","message":"Connected to mongodb://localhost/atithi...","timestamp":"2020-02-15T06:18:35.307Z"}
{"level":"info","message":"Listening on port 5000...","timestamp":"2020-02-15T06:18:39.247Z"}
{"level":"info","message":"Connected to mongodb://localhost/atithi...","timestamp":"2020-02-15T06:18:41.270Z"}
{"level":"info","message":"Listening on port 5000...","timestamp":"2020-02-15T06:18:50.646Z"}
{"level":"info","message":"Connected to mongodb://localhost/atithi...","timestamp":"2020-02-15T06:18:52.687Z"}
{"level":"info","message":"Listening on port 5000...","timestamp":"2020-02-15T06:18:54.228Z"}
{"level":"info","message":"Connected to mongodb://localhost/atithi...","timestamp":"2020-02-15T06:18:56.250Z"}
{"level":"info","message":"Listening on port 5000...","timestamp":"2020-02-15T10:18:22.402Z"}
{"level":"info","message":"Connected to mongodb://localhost/atithi...","timestamp":"2020-02-15T10:18:24.418Z"}
{"level":"info","message":"Listening on port 5000...","timestamp":"2020-02-15T10:20:49.655Z"}
{"level":"info","message":"Connected to mongodb://localhost/atithi...","timestamp":"2020-02-15T10:20:51.678Z"}
{"level":"info","message":"Listening on port 5000...","timestamp":"2020-02-15T10:21:18.650Z"}
{"level":"info","message":"Connected to mongodb://localhost/atithi...","timestamp":"2020-02-15T10:21:20.678Z"}
{"level":"info","message":"Listening on port 5000...","timestamp":"2020-02-15T10:21:28.440Z"}
{"level":"info","message":"Connected to mongodb://localhost/atithi...","timestamp":"2020-02-15T10:21:30.480Z"}
{"level":"info","message":"Listening on port 5000...","timestamp":"2020-02-15T10:22:43.798Z"}
{"level":"info","message":"Connected to mongodb://localhost/atithi...","timestamp":"2020-02-15T10:22:45.819Z"}
{"message":"Unexpected token ' in JSON at position 12","stack":"SyntaxError: Unexpected token ' in JSON at position 12\n    at JSON.parse (<anonymous>)\n    at parse (F:\\atithiServer\\node_modules\\body-parser\\lib\\types\\json.js:89:19)\n    at F:\\atithiServer\\node_modules\\body-parser\\lib\\read.js:121:18\n    at invokeCallback (F:\\atithiServer\\node_modules\\raw-body\\index.js:224:16)\n    at done (F:\\atithiServer\\node_modules\\raw-body\\index.js:213:7)\n    at IncomingMessage.onEnd (F:\\atithiServer\\node_modules\\raw-body\\index.js:273:7)\n    at IncomingMessage.emit (events.js:228:7)\n    at endReadableNT (_stream_readable.js:1185:12)\n    at processTicksAndRejections (internal/process/task_queues.js:81:21)","expose":true,"statusCode":400,"status":400,"body":"{\n\t\"status\":'OCC'\n}","type":"entity.parse.failed","level":"error","timestamp":"2020-02-15T10:24:24.356Z"}
{"message":"Unexpected token ' in JSON at position 12","stack":"SyntaxError: Unexpected token ' in JSON at position 12\n    at JSON.parse (<anonymous>)\n    at parse (F:\\atithiServer\\node_modules\\body-parser\\lib\\types\\json.js:89:19)\n    at F:\\atithiServer\\node_modules\\body-parser\\lib\\read.js:121:18\n    at invokeCallback (F:\\atithiServer\\node_modules\\raw-body\\index.js:224:16)\n    at done (F:\\atithiServer\\node_modules\\raw-body\\index.js:213:7)\n    at IncomingMessage.onEnd (F:\\atithiServer\\node_modules\\raw-body\\index.js:273:7)\n    at IncomingMessage.emit (events.js:228:7)\n    at endReadableNT (_stream_readable.js:1185:12)\n    at processTicksAndRejections (internal/process/task_queues.js:81:21)","expose":true,"statusCode":400,"status":400,"body":"{\n\t\"status\":'OCC'\n}","type":"entity.parse.failed","level":"error","timestamp":"2020-02-15T10:28:16.371Z"}
{"message":"Unexpected token ' in JSON at position 12","stack":"SyntaxError: Unexpected token ' in JSON at position 12\n    at JSON.parse (<anonymous>)\n    at parse (F:\\atithiServer\\node_modules\\body-parser\\lib\\types\\json.js:89:19)\n    at F:\\atithiServer\\node_modules\\body-parser\\lib\\read.js:121:18\n    at invokeCallback (F:\\atithiServer\\node_modules\\raw-body\\index.js:224:16)\n    at done (F:\\atithiServer\\node_modules\\raw-body\\index.js:213:7)\n    at IncomingMessage.onEnd (F:\\atithiServer\\node_modules\\raw-body\\index.js:273:7)\n    at IncomingMessage.emit (events.js:228:7)\n    at endReadableNT (_stream_readable.js:1185:12)\n    at processTicksAndRejections (internal/process/task_queues.js:81:21)","expose":true,"statusCode":400,"status":400,"body":"{\n\t\"status\":'OCC'\n}","type":"entity.parse.failed","level":"error","timestamp":"2020-02-15T10:28:40.379Z"}
{"message":"Unexpected token ' in JSON at position 12","stack":"SyntaxError: Unexpected token ' in JSON at position 12\n    at JSON.parse (<anonymous>)\n    at parse (F:\\atithiServer\\node_modules\\body-parser\\lib\\types\\json.js:89:19)\n    at F:\\atithiServer\\node_modules\\body-parser\\lib\\read.js:121:18\n    at invokeCallback (F:\\atithiServer\\node_modules\\raw-body\\index.js:224:16)\n    at done (F:\\atithiServer\\node_modules\\raw-body\\index.js:213:7)\n    at IncomingMessage.onEnd (F:\\atithiServer\\node_modules\\raw-body\\index.js:273:7)\n    at IncomingMessage.emit (events.js:228:7)\n    at endReadableNT (_stream_readable.js:1185:12)\n    at processTicksAndRejections (internal/process/task_queues.js:81:21)","expose":true,"statusCode":400,"status":400,"body":"{\n\t\"status\":'OCC'\n}","type":"entity.parse.failed","level":"error","timestamp":"2020-02-15T10:29:56.832Z"}
{"message":"Unexpected token ' in JSON at position 12","stack":"SyntaxError: Unexpected token ' in JSON at position 12\n    at JSON.parse (<anonymous>)\n    at parse (F:\\atithiServer\\node_modules\\body-parser\\lib\\types\\json.js:89:19)\n    at F:\\atithiServer\\node_modules\\body-parser\\lib\\read.js:121:18\n    at invokeCallback (F:\\atithiServer\\node_modules\\raw-body\\index.js:224:16)\n    at done (F:\\atithiServer\\node_modules\\raw-body\\index.js:213:7)\n    at IncomingMessage.onEnd (F:\\atithiServer\\node_modules\\raw-body\\index.js:273:7)\n    at IncomingMessage.emit (events.js:228:7)\n    at endReadableNT (_stream_readable.js:1185:12)\n    at processTicksAndRejections (internal/process/task_queues.js:81:21)","expose":true,"statusCode":400,"status":400,"body":"{\n\t\"status\":'OCC'\n}","type":"entity.parse.failed","level":"error","timestamp":"2020-02-15T10:30:20.938Z"}
{"level":"info","message":"Listening on port 5000...","timestamp":"2020-02-15T10:31:05.689Z"}
{"level":"info","message":"Connected to mongodb://localhost/atithi...","timestamp":"2020-02-15T10:31:07.712Z"}
{"message":"Unexpected token ' in JSON at position 12","stack":"SyntaxError: Unexpected token ' in JSON at position 12\n    at JSON.parse (<anonymous>)\n    at parse (F:\\atithiServer\\node_modules\\body-parser\\lib\\types\\json.js:89:19)\n    at F:\\atithiServer\\node_modules\\body-parser\\lib\\read.js:121:18\n    at invokeCallback (F:\\atithiServer\\node_modules\\raw-body\\index.js:224:16)\n    at done (F:\\atithiServer\\node_modules\\raw-body\\index.js:213:7)\n    at IncomingMessage.onEnd (F:\\atithiServer\\node_modules\\raw-body\\index.js:273:7)\n    at IncomingMessage.emit (events.js:228:7)\n    at endReadableNT (_stream_readable.js:1185:12)\n    at processTicksAndRejections (internal/process/task_queues.js:81:21)","expose":true,"statusCode":400,"status":400,"body":"{\n\t\"status\":'OCC'\n}","type":"entity.parse.failed","level":"error","timestamp":"2020-02-15T10:32:13.721Z"}
{"message":"Unexpected token ' in JSON at position 12","stack":"SyntaxError: Unexpected token ' in JSON at position 12\n    at JSON.parse (<anonymous>)\n    at parse (F:\\atithiServer\\node_modules\\body-parser\\lib\\types\\json.js:89:19)\n    at F:\\atithiServer\\node_modules\\body-parser\\lib\\read.js:121:18\n    at invokeCallback (F:\\atithiServer\\node_modules\\raw-body\\index.js:224:16)\n    at done (F:\\atithiServer\\node_modules\\raw-body\\index.js:213:7)\n    at IncomingMessage.onEnd (F:\\atithiServer\\node_modules\\raw-body\\index.js:273:7)\n    at IncomingMessage.emit (events.js:228:7)\n    at endReadableNT (_stream_readable.js:1185:12)\n    at processTicksAndRejections (internal/process/task_queues.js:81:21)","expose":true,"statusCode":400,"status":400,"body":"{\n\t\"status\":'OCC'\n}","type":"entity.parse.failed","level":"error","timestamp":"2020-02-15T10:33:12.666Z"}
{"level":"info","message":"Listening on port 5000...","timestamp":"2020-02-15T10:43:51.804Z"}
{"level":"info","message":"Connected to mongodb://localhost/atithi...","timestamp":"2020-02-15T10:43:53.842Z"}
{"message":"_ is not defined","stack":"ReferenceError: _ is not defined\n    at F:\\atithiServer\\routes\\room.js:43:13","level":"error","timestamp":"2020-02-15T10:44:03.160Z"}
{"level":"info","message":"Listening on port 5000...","timestamp":"2020-02-15T10:44:53.792Z"}
{"level":"info","message":"Connected to mongodb://localhost/atithi...","timestamp":"2020-02-15T10:44:55.826Z"}
{"level":"info","message":"Listening on port 5000...","timestamp":"2020-02-15T10:45:56.891Z"}
{"level":"info","message":"Listening on port 5000...","timestamp":"2020-02-15T10:46:00.049Z"}
{"level":"info","message":"Listening on port 5000...","timestamp":"2020-02-15T10:46:02.217Z"}
{"level":"info","message":"Listening on port 5000...","timestamp":"2020-02-15T10:46:05.119Z"}
{"level":"info","message":"Connected to mongodb://localhost/atithi...","timestamp":"2020-02-15T10:46:07.156Z"}
{"level":"info","message":"Listening on port 5000...","timestamp":"2020-02-15T10:48:07.336Z"}
{"level":"info","message":"Listening on port 5000...","timestamp":"2020-02-15T10:48:21.836Z"}
{"level":"info","message":"Connected to mongodb://localhost/atithi...","timestamp":"2020-02-15T10:48:23.853Z"}
{"level":"info","message":"Listening on port 5000...","timestamp":"2020-02-15T10:51:42.100Z"}
{"level":"info","message":"Connected to mongodb://localhost/atithi...","timestamp":"2020-02-15T10:51:44.118Z"}
{"level":"info","message":"Listening on port 5000...","timestamp":"2020-02-15T10:51:58.277Z"}
{"level":"info","message":"Connected to mongodb://localhost/atithi...","timestamp":"2020-02-15T10:52:00.299Z"}
{"level":"info","message":"Listening on port 5000...","timestamp":"2020-02-15T10:52:23.158Z"}
{"level":"info","message":"Listening on port 5000...","timestamp":"2020-02-15T10:52:24.106Z"}
{"level":"info","message":"Listening on port 5000...","timestamp":"2020-02-15T10:52:26.846Z"}
{"level":"info","message":"Listening on port 5000...","timestamp":"2020-02-15T10:52:27.905Z"}
{"level":"info","message":"Connected to mongodb://localhost/atithi...","timestamp":"2020-02-15T10:52:29.933Z"}
{"message":"Room validation failed: desc: Path `desc` (``) is shorter than the minimum allowed length (3).","errors":{"desc":{"message":"Path `desc` (``) is shorter than the minimum allowed length (3).","name":"ValidatorError","properties":{"message":"Path `{PATH}` (`{VALUE}`) is shorter than the minimum allowed length (3).","type":"minlength","minlength":3,"path":"desc","value":""},"kind":"minlength","path":"desc","value":"","$isValidatorError":true}},"_message":"Room validation failed","stack":"ValidationError: Room validation failed: desc: Path `desc` (``) is shorter than the minimum allowed length (3).\n    at new ValidationError (F:\\atithiServer\\node_modules\\mongoose\\lib\\error\\validation.js:27:11)\n    at model.Document.invalidate (F:\\atithiServer\\node_modules\\mongoose\\lib\\document.js:1656:32)\n    at F:\\atithiServer\\node_modules\\mongoose\\lib\\document.js:1528:17\n    at Immediate.<anonymous> (F:\\atithiServer\\node_modules\\mongoose\\lib\\schematype.js:785:9)\n    at processImmediate (internal/timers.js:439:21)","name":"ValidationError","level":"error","timestamp":"2020-02-15T10:52:35.150Z"}
{"level":"info","message":"Listening on port 5000...","timestamp":"2020-02-15T10:53:15.455Z"}
{"level":"info","message":"Connected to mongodb://localhost/atithi...","timestamp":"2020-02-15T10:53:17.486Z"}
{"level":"info","message":"Listening on port 5000...","timestamp":"2020-02-15T10:53:18.623Z"}
{"level":"info","message":"Connected to mongodb://localhost/atithi...","timestamp":"2020-02-15T10:53:20.642Z"}
{"level":"info","message":"Listening on port 5000...","timestamp":"2020-02-15T10:53:22.086Z"}
{"level":"info","message":"Connected to mongodb://localhost/atithi...","timestamp":"2020-02-15T10:53:24.130Z"}
{"message":"Unexpected token } in JSON at position 19","stack":"SyntaxError: Unexpected token } in JSON at position 19\n    at JSON.parse (<anonymous>)\n    at parse (F:\\atithiServer\\node_modules\\body-parser\\lib\\types\\json.js:89:19)\n    at F:\\atithiServer\\node_modules\\body-parser\\lib\\read.js:121:18\n    at invokeCallback (F:\\atithiServer\\node_modules\\raw-body\\index.js:224:16)\n    at done (F:\\atithiServer\\node_modules\\raw-body\\index.js:213:7)\n    at IncomingMessage.onEnd (F:\\atithiServer\\node_modules\\raw-body\\index.js:273:7)\n    at IncomingMessage.emit (events.js:228:7)\n    at endReadableNT (_stream_readable.js:1185:12)\n    at processTicksAndRejections (internal/process/task_queues.js:81:21)","expose":true,"statusCode":400,"status":400,"body":"{\n\t\"status\":\"OCC\",\n}","type":"entity.parse.failed","level":"error","timestamp":"2020-02-15T10:55:55.297Z"}
{"level":"info","message":"Listening on port 5000...","timestamp":"2020-02-15T10:57:37.507Z"}
{"level":"info","message":"Listening on port 5000...","timestamp":"2020-02-15T10:57:39.426Z"}
{"level":"info","message":"Listening on port 5000...","timestamp":"2020-02-15T10:57:41.478Z"}
{"level":"info","message":"Connected to mongodb://localhost/atithi...","timestamp":"2020-02-15T10:57:43.501Z"}
{"level":"info","message":"Listening on port 5000...","timestamp":"2020-02-15T10:57:46.488Z"}
{"level":"info","message":"Listening on port 5000...","timestamp":"2020-02-15T10:57:47.844Z"}
{"level":"info","message":"Connected to mongodb://localhost/atithi...","timestamp":"2020-02-15T10:57:49.882Z"}
{"level":"info","message":"Listening on port 5000...","timestamp":"2020-02-15T10:57:59.250Z"}
{"level":"info","message":"Listening on port 5000...","timestamp":"2020-02-15T10:58:00.547Z"}
{"level":"info","message":"Connected to mongodb://localhost/atithi...","timestamp":"2020-02-15T10:58:02.569Z"}
{"level":"info","message":"Listening on port 5000...","timestamp":"2020-02-15T10:58:16.139Z"}
{"level":"info","message":"Listening on port 5000...","timestamp":"2020-02-15T10:58:17.770Z"}
{"level":"info","message":"Connected to mongodb://localhost/atithi...","timestamp":"2020-02-15T10:58:19.809Z"}
{"level":"info","message":"Listening on port 5000...","timestamp":"2020-02-15T10:59:15.460Z"}
{"level":"info","message":"Connected to mongodb://localhost/atithi...","timestamp":"2020-02-15T10:59:17.478Z"}
{"level":"info","message":"Listening on port 5000...","timestamp":"2020-02-17T10:32:12.781Z"}
{"level":"info","message":"Listening on port 5000...","timestamp":"2020-02-17T10:32:14.854Z"}
{"level":"info","message":"Listening on port 5000...","timestamp":"2020-02-17T10:32:16.046Z"}
{"level":"info","message":"Connected to mongodb://localhost/atithi...","timestamp":"2020-02-17T10:32:18.102Z"}
{"message":"Joi.email is not a function","stack":"TypeError: Joi.email is not a function\n    at validateAgent (F:\\atithiServer\\models\\agent.js:53:16)\n    at F:\\atithiServer\\routes\\agents.js:14:21\n    at F:\\atithiServer\\node_modules\\express-async-errors\\index.js:17:17\n    at Layer.handle [as handle_request] (F:\\atithiServer\\node_modules\\express\\lib\\router\\layer.js:95:5)\n    at next (F:\\atithiServer\\node_modules\\express\\lib\\router\\route.js:137:13)\n    at module.exports (F:\\atithiServer\\middleware\\auth.js:11:5)\n    at F:\\atithiServer\\node_modules\\express-async-errors\\index.js:17:17\n    at Layer.handle [as handle_request] (F:\\atithiServer\\node_modules\\express\\lib\\router\\layer.js:95:5)\n    at next (F:\\atithiServer\\node_modules\\express\\lib\\router\\route.js:137:13)\n    at Route.dispatch (F:\\atithiServer\\node_modules\\express\\lib\\router\\route.js:112:3)\n    at F:\\atithiServer\\node_modules\\express-async-errors\\index.js:17:17\n    at Layer.handle [as handle_request] (F:\\atithiServer\\node_modules\\express\\lib\\router\\layer.js:95:5)\n    at F:\\atithiServer\\node_modules\\express\\lib\\router\\index.js:281:22\n    at Function.process_params (F:\\atithiServer\\node_modules\\express\\lib\\router\\index.js:335:12)\n    at next (F:\\atithiServer\\node_modules\\express\\lib\\router\\index.js:275:10)\n    at Function.handle (F:\\atithiServer\\node_modules\\express\\lib\\router\\index.js:174:3)","level":"error","timestamp":"2020-02-17T10:36:56.873Z"}
{"level":"info","message":"Listening on port 5000...","timestamp":"2020-02-17T10:37:20.662Z"}
{"level":"info","message":"Connected to mongodb://localhost/atithi...","timestamp":"2020-02-17T10:37:22.683Z"}
{"message":"Cannot read property 'required' of undefined","stack":"TypeError: Cannot read property 'required' of undefined\n    at validateAgent (F:\\atithiServer\\models\\agent.js:53:22)\n    at F:\\atithiServer\\routes\\agents.js:14:21\n    at F:\\atithiServer\\node_modules\\express-async-errors\\index.js:17:17\n    at Layer.handle [as handle_request] (F:\\atithiServer\\node_modules\\express\\lib\\router\\layer.js:95:5)\n    at next (F:\\atithiServer\\node_modules\\express\\lib\\router\\route.js:137:13)\n    at module.exports (F:\\atithiServer\\middleware\\auth.js:11:5)\n    at F:\\atithiServer\\node_modules\\express-async-errors\\index.js:17:17\n    at Layer.handle [as handle_request] (F:\\atithiServer\\node_modules\\express\\lib\\router\\layer.js:95:5)\n    at next (F:\\atithiServer\\node_modules\\express\\lib\\router\\route.js:137:13)\n    at Route.dispatch (F:\\atithiServer\\node_modules\\express\\lib\\router\\route.js:112:3)\n    at F:\\atithiServer\\node_modules\\express-async-errors\\index.js:17:17\n    at Layer.handle [as handle_request] (F:\\atithiServer\\node_modules\\express\\lib\\router\\layer.js:95:5)\n    at F:\\atithiServer\\node_modules\\express\\lib\\router\\index.js:281:22\n    at Function.process_params (F:\\atithiServer\\node_modules\\express\\lib\\router\\index.js:335:12)\n    at next (F:\\atithiServer\\node_modules\\express\\lib\\router\\index.js:275:10)\n    at Function.handle (F:\\atithiServer\\node_modules\\express\\lib\\router\\index.js:174:3)","level":"error","timestamp":"2020-02-17T10:37:30.388Z"}
{"level":"info","message":"Listening on port 5000...","timestamp":"2020-02-17T10:38:46.827Z"}
{"level":"info","message":"Listening on port 5000...","timestamp":"2020-02-17T10:38:50.072Z"}
{"level":"info","message":"Connected to mongodb://localhost/atithi...","timestamp":"2020-02-17T10:38:52.092Z"}
{"level":"info","message":"Listening on port 5000...","timestamp":"2020-02-17T10:38:53.140Z"}
{"level":"info","message":"Connected to mongodb://localhost/atithi...","timestamp":"2020-02-17T10:38:55.164Z"}
